c:\users\✨tim~赵\desktop\cbejeweled\debug\cbejeweled.pch
c:\users\✨tim~赵\desktop\cbejeweled\debug\vc142.pdb
c:\users\✨tim~赵\desktop\cbejeweled\debug\vc142.idb
c:\users\✨tim~赵\desktop\cbejeweled\debug\pch.obj
c:\users\✨tim~赵\desktop\cbejeweled\debug\ctheme.obj
c:\users\✨tim~赵\desktop\cbejeweled\debug\cmusicdlg.obj
c:\users\✨tim~赵\desktop\cbejeweled\debug\cmenudlg.obj
c:\users\✨tim~赵\desktop\cbejeweled\debug\csetdlg.obj
c:\users\✨tim~赵\desktop\cbejeweled\debug\cnamedlg.obj
c:\users\✨tim~赵\desktop\cbejeweled\debug\chelpdlg.obj
c:\users\✨tim~赵\desktop\cbejeweled\debug\cgamedlg.obj
c:\users\✨tim~赵\desktop\cbejeweled\debug\cfiledlg.obj
c:\users\✨tim~赵\desktop\cbejeweled\debug\cbejeweleddlg.obj
c:\users\✨tim~赵\desktop\cbejeweled\debug\cbejeweled.obj
c:\users\✨tim~赵\desktop\cbejeweled\debug\cbejeweled.exe
c:\users\✨tim~赵\desktop\cbejeweled\debug\cbejeweled.ilk
c:\users\✨tim~赵\desktop\cbejeweled\debug\cbejeweled.pdb
c:\users\✨tim~赵\desktop\cbejeweled\debug\cbejeweled.res
c:\users\xuan\desktop\cbejeweled\debug\cbejeweled.obj
c:\users\xuan\desktop\cbejeweled\debug\cbejeweleddlg.obj
c:\users\xuan\desktop\cbejeweled\debug\cfiledlg.obj
c:\users\xuan\desktop\cbejeweled\debug\cgamedlg.obj
c:\users\xuan\desktop\cbejeweled\debug\chelpdlg.obj
c:\users\xuan\desktop\cbejeweled\debug\cmenudlg.obj
c:\users\xuan\desktop\cbejeweled\debug\cmusicdlg.obj
c:\users\xuan\desktop\cbejeweled\debug\cnamedlg.obj
c:\users\xuan\desktop\cbejeweled\debug\csetdg_music.obj
c:\users\xuan\desktop\cbejeweled\debug\csetdlg.obj
c:\users\xuan\desktop\cbejeweled\debug\csetdlg_theme.obj
c:\users\xuan\desktop\cbejeweled\debug\ctheme.obj
c:\users\xuan\desktop\cbejeweled\debug\llkbutton.obj
c:\users\xuan\desktop\cbejeweled\debug\pch.obj
c:\users\xuan\desktop\cbejeweled\debug\cbejeweled.ilk
c:\users\xuan\desktop\cbejeweled\debug\cbejeweled.res
c:\users\xuan\desktop\cbejeweled\debug\cbejeweled.pch
c:\users\xuan\desktop\cbejeweled\debug\vc141.idb
c:\users\xuan\desktop\cbejeweled\debug\vc142.idb
c:\users\xuan\desktop\cbejeweled\debug\cbejeweled.pdb
c:\users\xuan\desktop\cbejeweled\debug\vc141.pdb
c:\users\xuan\desktop\cbejeweled\debug\vc142.pdb
c:\users\xuan\desktop\cbejeweled\debug\cbejeweled.exe
c:\users\xuan\desktop\cbejeweled\debug\cbejeweled.tlog\cl.command.1.tlog
c:\users\xuan\desktop\cbejeweled\debug\cbejeweled.tlog\cl.read.1.tlog
c:\users\xuan\desktop\cbejeweled\debug\cbejeweled.tlog\cl.write.1.tlog
c:\users\xuan\desktop\cbejeweled\debug\cbejeweled.tlog\link.command.1.tlog
c:\users\xuan\desktop\cbejeweled\debug\cbejeweled.tlog\link.read.1.tlog
c:\users\xuan\desktop\cbejeweled\debug\cbejeweled.tlog\link.write.1.tlog
c:\users\xuan\desktop\cbejeweled\debug\cbejeweled.tlog\rc.command.1.tlog
c:\users\xuan\desktop\cbejeweled\debug\cbejeweled.tlog\rc.read.1.tlog
c:\users\xuan\desktop\cbejeweled\debug\cbejeweled.tlog\rc.write.1.tlog
